los_angeles     0.976
external_links  0.952
united_states   0.892
prime_minister  0.889
singer_songwriter       0.879
san_francisco   0.863
isbn_978        0.854
new_york        0.805
supreme_court   0.788
19th_century    0.781
20th_century    0.774
references_external     0.748
soviet_union    0.746
science_fiction 0.74
e_g     0.739
isbn_0  0.729
air_force       0.716
don_t   0.707
united_kingdom  0.706
university_press        0.704
baseball_player 0.699
roman_catholic  0.697
18th_century    0.696
978_0   0.675
new_zealand     0.674
notes_references        0.663
north_america   0.661
civil_war       0.659
catholic_church 0.643
south_africa    0.64
war_ii  0.635
world_war       0.633
united_nations  0.63
roman_empire    0.627
took_place      0.625
x_y     0.602
u_s     0.598
american_actor  0.584
present_day     0.571