5f7ea36301fa8ea5cf,da7ebece0198d78b85,3ff742de01871027df,f092ddef01b195594c	
cd4de96c0178e7e013,e4a2237c019f6aa19b,54928f7b0277b9f7b2	
05f99b1a020e24b44b,d675d7220287ab5040	
a41bb406025c739042	
e3c2c410017a49ae42,466aa83c01381426b9,17ca6a2f020dd68639,5b73e9030251587fa0	
a953700a02275db979,8ab656b101b2ec2bf4	
6189d89301e9dc3214,1c69bf7b01b25d4728,f729ba180221c118fa,ead80a81023ef281e9	
2a7c5c400287b48597	
45aeac28022fa2ea85,a1a227e801023c7311,bade8f8f02d6a2ee3e,1b3de41d01702effa9	
23bb00e901d312a28a	
059671eb01a9a58dad,596a506a0247d434ca	
a71698b1023c28ff81,b541f24702ec253356,f68517e4014c335edc	
d2dd5c7a029c713ef9,ce0ae9b30119db3eea,48e5f3ad02a20993b6	
5e475d9502cf08f6b5	
6407378901e3325f2e,31f68b23013d7e1004	
cfd66fb1013e34c775,af2561dd02e8759f82,c7007c710271da4f50	
b0771c16029a923cff,11dd12fe016178f9d1,eaa986ab02daf9d1bf,cfa75cb20236de4b43,8cd8096301d658853c	
742a6e5301e30a5e16,ae74f267010275e4da	
a00191b90212c48bf3,552f648e0217b22b1e,aa04bb1001d04de2f9	
07fa52c5010728b6b3,2a94dcdd027fa417be	
a324985a0298528bcf	
76c86812016039fc18,62b1e3f80294fc3588,2e9249fd0178ff604e	
937eae3a02560974cb	
7137418c01ba697495	
06553dc8015dfa504a,e68371550160b05d5b	
f1efaf970159f672ba	
cbf27ac601ef996190	
ca55369602c0644805,0ff589940128bf0e66,67bfdcba0290040301,632d69a802560ec1bb,32af238a029fb80381	
efb973cd024d20891a,406c5a8101ccbe05b3,26f7f7ac013cb2bcd7,426e06820244e790e4	
a9fbb65e02bca097e0,bc271326027cfeabc4,ddd57c86021228431d,0af382ef02d4c717be,0b5e09ab02bd5299cb	
6223135201696dfe76,6ebe85ac0166d85f18,749b65ad0161f2ce7d	
8b0f4201014d372861	
6e597f38020c8858f9,6d859a310192719e10	
affe76320176a00e63,f3443d640141360e25,eba938a402947ab49a,2985f6cf02d61f4989,bffc2f7b02c4e8bc5a	
979aaaa602c4e8f74f,f9c9c99302ad06acf6,86caec360155cbdbbe,c5129adc01ab700390,a8104bde01ccb4ca6f	
3493aa4d01754cc330	
fa51a72c02ce6215a0	
8a2e7eb90293ff0ecd,32eda1e402f32f2272,3c3e601902b4f5eb6c	
db8bccc30187c7690a,990568ca01e0f87195	
65acede2012ac965f5,d353039101be862be9,f86532a90205649c00,1b6a4d4002f883e323,c83d23d801bc762a72	
59f3490501a82a21a1,26df037501665605c3,c27b423f0161377e7d,66cdb27f01ffea1634,272af6f1023d7f9647	
3433eb1f02ef0eb6de	
9eb925b302398c0c78	
efde509301f62c8a37,cabb2e1b0146c92944,67ea92b5015e1adbdb,59c118a5016d5bacaf,4ba82a8301fe0443a9	
c2044afe0273120049	
7a9f8fb40220c14e17,d0a9c10b024fe982c7	
2f12a0d00204ed71bf,95e1d5fe01a9848c21,5e110c130196f7face,48aab42f0285991bca,779a502802789f5803	
3800159b019d89a65a,38ce4e3302b68d77a3,565e3eee026b1ac4ee,1a6d6987025e5e8c00	
8fbdb5b602109c2170	
ed138bf5028a1f063e,1c3c035601499d9f41,d6feb27001a1788eb6	
